<?xml version="1.0" encoding="UTF-8"?>
<!-- Generated by org.testng.reporters.JUnitReportReporter -->
<testsuite skipped="0" hostname="DESKTOP-CF1JAD9" name="ObjectTest.WebTable" tests="1" failures="0" timestamp="4 Jan 2020 17:27:13 GMT" time="15.365" errors="0">
  <testcase name="verifyTable" time="15.365" classname="ObjectTest.WebTable"/>
</testsuite> <!-- ObjectTest.WebTable -->
