<?xml version="1.0" encoding="UTF-8"?>
<!-- Generated by org.testng.reporters.JUnitReportReporter -->
<testsuite skipped="0" hostname="DESKTOP-CF1JAD9" name="ObjectTest.ParallelExec" tests="2" failures="0" timestamp="6 Jan 2020 08:18:15 GMT" time="36.569" errors="0">
  <testcase name="openBing" time="16.917" classname="ObjectTest.ParallelExec"/>
  <testcase name="openGoogle" time="19.652" classname="ObjectTest.ParallelExec"/>
</testsuite> <!-- ObjectTest.ParallelExec -->
